<?xml version="1.0" encoding="UTF-8"?>
<!-- Generated by org.testng.reporters.JUnitReportReporter -->
<testsuite hostname="DESKTOP-NGO2M65" failures="0" tests="1" name="api_testing.RestAssured.AppTest" time="2.138" errors="0" timestamp="2022-04-28T11:08:50 IST" skipped="0">
  <testcase classname="api_testing.RestAssured.AppTest" name="test" time="2.138"/>
  <system-out/>
</testsuite> <!-- api_testing.RestAssured.AppTest -->
